TN:
SF:/Volumes/Work/long/react-starter-kit/server/config.js
FNF:0
FNH:0
DA:1,1
DA:4,1
DA:5,1
DA:7,0
DA:10,1
LF:5
LH:4
BRF:0
BRH:0
end_of_record
TN:
SF:/Volumes/Work/long/react-starter-kit/server/api/constants/role.js
FNF:0
FNH:0
DA:1,1
LF:1
LH:1
BRF:0
BRH:0
end_of_record
TN:
SF:/Volumes/Work/long/react-starter-kit/server/api/controllers/auth.controller.js
FN:5,login
FN:9,(anonymous_1)
FN:15,(anonymous_2)
FN:33,(anonymous_3)
FN:40,signup
FN:49,(anonymous_5)
FNF:6
FNH:3
FNDA:2,login
FNDA:2,(anonymous_1)
FNDA:1,(anonymous_2)
FNDA:0,(anonymous_3)
FNDA:0,signup
FNDA:0,(anonymous_5)
DA:1,1
DA:2,1
DA:3,1
DA:6,2
DA:10,2
DA:11,1
DA:14,1
DA:16,1
DA:24,1
DA:34,0
DA:41,0
DA:48,0
DA:50,0
DA:55,1
LF:14
LH:10
BRDA:10,0,0,1
BRDA:10,0,1,1
BRF:2
BRH:2
end_of_record
TN:
SF:/Volumes/Work/long/react-starter-kit/server/api/controllers/entry.controller.js
FN:5,create
FN:10,(anonymous_1)
FN:16,update
FN:20,(anonymous_3)
FN:26,read
FN:30,list
FN:38,(anonymous_6)
FN:44,remove
FN:45,(anonymous_8)
FN:51,weeklyReport
FN:69,(anonymous_10)
FN:80,getEntryByID
FN:82,(anonymous_12)
FNF:13
FNH:0
FNDA:0,create
FNDA:0,(anonymous_1)
FNDA:0,update
FNDA:0,(anonymous_3)
FNDA:0,read
FNDA:0,list
FNDA:0,(anonymous_6)
FNDA:0,remove
FNDA:0,(anonymous_8)
FNDA:0,weeklyReport
FNDA:0,(anonymous_10)
FNDA:0,getEntryByID
FNDA:0,(anonymous_12)
DA:1,1
DA:2,1
DA:3,1
DA:6,0
DA:7,0
DA:9,0
DA:11,0
DA:17,0
DA:19,0
DA:21,0
DA:27,0
DA:31,0
DA:32,0
DA:33,0
DA:36,0
DA:39,0
DA:45,0
DA:46,0
DA:52,0
DA:53,0
DA:54,0
DA:57,0
DA:70,0
DA:71,0
DA:76,0
DA:81,0
DA:83,0
DA:84,0
DA:85,0
DA:88,0
DA:89,0
DA:90,0
DA:93,0
DA:94,0
DA:99,1
LF:35
LH:4
BRDA:32,0,0,0
BRDA:32,0,1,0
BRDA:53,1,0,0
BRDA:53,1,1,0
BRDA:70,2,0,0
BRDA:70,2,1,0
BRDA:83,3,0,0
BRDA:83,3,1,0
BRDA:88,4,0,0
BRDA:88,4,1,0
BRDA:88,5,0,0
BRDA:88,5,1,0
BRF:12
BRH:0
end_of_record
TN:
SF:/Volumes/Work/long/react-starter-kit/server/api/controllers/user.controller.js
FN:4,create
FN:17,(anonymous_1)
FN:23,update
FN:39,(anonymous_3)
FN:45,read
FN:49,list
FN:56,(anonymous_6)
FN:62,remove
FN:63,(anonymous_8)
FN:69,getUserByID
FN:71,(anonymous_10)
FN:83,getProfile
FN:85,(anonymous_12)
FNF:13
FNH:0
FNDA:0,create
FNDA:0,(anonymous_1)
FNDA:0,update
FNDA:0,(anonymous_3)
FNDA:0,read
FNDA:0,list
FNDA:0,(anonymous_6)
FNDA:0,remove
FNDA:0,(anonymous_8)
FNDA:0,getUserByID
FNDA:0,(anonymous_10)
FNDA:0,getProfile
FNDA:0,(anonymous_12)
DA:1,1
DA:2,1
DA:5,0
DA:12,0
DA:13,0
DA:16,0
DA:18,0
DA:24,0
DA:30,0
DA:31,0
DA:34,0
DA:35,0
DA:38,0
DA:40,0
DA:46,0
DA:50,0
DA:51,0
DA:52,0
DA:55,0
DA:57,0
DA:63,0
DA:64,0
DA:70,0
DA:72,0
DA:73,0
DA:74,0
DA:77,0
DA:78,0
DA:84,0
DA:86,0
DA:87,0
DA:88,0
DA:91,0
DA:92,0
DA:97,1
LF:35
LH:3
BRDA:12,0,0,0
BRDA:12,0,1,0
BRDA:12,1,0,0
BRDA:12,1,1,0
BRDA:30,2,0,0
BRDA:30,2,1,0
BRDA:34,3,0,0
BRDA:34,3,1,0
BRDA:34,4,0,0
BRDA:34,4,1,0
BRDA:51,5,0,0
BRDA:51,5,1,0
BRDA:72,6,0,0
BRDA:72,6,1,0
BRDA:86,7,0,0
BRDA:86,7,1,0
BRF:16
BRH:0
end_of_record
TN:
SF:/Volumes/Work/long/react-starter-kit/server/api/models/entry.model.js
FN:4,(anonymous_0)
FNF:1
FNH:0
FNDA:0,(anonymous_0)
DA:1,1
DA:2,1
DA:4,1
DA:6,1
DA:28,1
LF:5
LH:5
BRF:0
BRH:0
end_of_record
TN:
SF:/Volumes/Work/long/react-starter-kit/server/api/models/user.model.js
FN:16,hashPassword
FN:17,(anonymous_1)
FN:18,(anonymous_2)
FN:27,authenticate
FN:28,(anonymous_4)
FN:30,(anonymous_5)
FN:38,preSave
FN:41,(anonymous_7)
FNF:8
FNH:3
FNDA:0,hashPassword
FNDA:0,(anonymous_1)
FNDA:0,(anonymous_2)
FNDA:1,authenticate
FNDA:1,(anonymous_4)
FNDA:1,(anonymous_5)
FNDA:0,preSave
FNDA:0,(anonymous_7)
DA:1,1
DA:2,1
DA:3,1
DA:5,1
DA:6,1
DA:8,1
DA:16,1
DA:17,0
DA:18,0
DA:19,0
DA:20,0
DA:22,0
DA:27,1
DA:28,1
DA:29,1
DA:31,1
DA:32,1
DA:38,1
DA:39,0
DA:40,0
DA:42,0
DA:43,0
DA:47,0
DA:51,1
LF:24
LH:14
BRDA:19,0,0,0
BRDA:19,0,1,0
BRDA:31,1,0,0
BRDA:31,1,1,1
BRDA:39,2,0,0
BRDA:39,2,1,0
BRDA:39,3,0,0
BRDA:39,3,1,0
BRF:8
BRH:1
end_of_record
TN:
SF:/Volumes/Work/long/react-starter-kit/server/api/policies/index.js
FN:1,checkRoles
FN:2,(anonymous_1)
FNF:2
FNH:1
FNDA:2,checkRoles
FNDA:0,(anonymous_1)
DA:2,2
DA:3,0
DA:4,0
DA:5,0
DA:8,0
DA:12,1
LF:6
LH:2
BRDA:3,0,0,0
BRDA:3,0,1,0
BRF:2
BRH:0
end_of_record
TN:
SF:/Volumes/Work/long/react-starter-kit/server/api/routes/auth.route.js
FNF:0
FNH:0
DA:1,1
DA:2,1
DA:3,1
DA:5,1
DA:8,1
DA:11,1
LF:6
LH:6
BRF:0
BRH:0
end_of_record
TN:
SF:/Volumes/Work/long/react-starter-kit/server/api/routes/entry.route.js
FNF:0
FNH:0
DA:1,1
DA:2,1
DA:3,1
DA:4,1
DA:6,1
DA:7,1
DA:9,1
DA:13,1
DA:16,1
DA:21,1
DA:23,1
LF:11
LH:11
BRF:0
BRH:0
end_of_record
TN:
SF:/Volumes/Work/long/react-starter-kit/server/api/routes/index.js
FNF:0
FNH:0
DA:1,1
DA:2,1
DA:3,1
DA:5,1
DA:6,1
DA:7,1
DA:8,1
DA:10,1
DA:11,1
DA:13,1
DA:14,1
DA:15,1
DA:16,1
DA:18,1
LF:14
LH:14
BRF:0
BRH:0
end_of_record
TN:
SF:/Volumes/Work/long/react-starter-kit/server/api/routes/profile.route.js
FNF:0
FNH:0
DA:1,1
DA:2,1
DA:4,1
DA:6,1
DA:8,1
DA:12,1
LF:6
LH:6
BRF:0
BRH:0
end_of_record
TN:
SF:/Volumes/Work/long/react-starter-kit/server/api/routes/user.route.js
FNF:0
FNH:0
DA:1,1
DA:2,1
DA:3,1
DA:4,1
DA:6,1
DA:8,1
DA:10,1
DA:14,1
DA:19,1
DA:21,1
LF:10
LH:10
BRF:0
BRH:0
end_of_record
TN:
SF:/Volumes/Work/long/react-starter-kit/server/middlewares/backendMiddleware.js
FN:7,(anonymous_0)
FN:9,(anonymous_1)
FNF:2
FNH:2
FNDA:1,(anonymous_0)
FNDA:1,(anonymous_1)
DA:2,1
DA:3,1
DA:4,1
DA:5,1
DA:7,1
DA:8,1
DA:9,1
DA:10,1
DA:11,0
DA:12,0
DA:14,1
DA:16,1
DA:17,1
DA:21,1
DA:22,1
DA:23,1
LF:16
LH:14
BRDA:10,0,0,0
BRDA:10,0,1,1
BRDA:16,1,0,1
BRDA:16,1,1,0
BRF:4
BRH:2
end_of_record
